Warning: running in conda env, please deactivate before executing this script
If conda is desired please source setup_conda_env.sh in your python 3.11 conda env and run python normally
[DEBUG] Importing SimulationApp...
[DEBUG] SimulationApp imported.
[DEBUG] Creating SimulationApp...
[Info] [carb] Logging to file: /home/florybal/isaacSim/kit/logs/Kit/Isaac-Sim Python/5.1/kit_20260312_010147.log
2026-03-12T04:01:47Z [1ms] [Warning] [carb.crashreporter-breakpad.plugin] [previous crash] preventing upload of minidump due to user opt-out: '/home/florybal/isaacSim/kit/data/Kit/Isaac-Sim Python/5.1/2fc4bc60-3330-483c-4b7ca5a8-1149b160.dmp'
2026-03-12T04:01:47Z [3ms] [Warning] [carb.crashreporter-breakpad.plugin] [previous crash] preventing upload of minidump due to user opt-out: '/home/florybal/isaacSim/kit/data/Kit/Isaac-Sim Python/5.1/2f850081-6106-4146-c7c11299-1dbd096c.dmp'
2026-03-12T04:01:47Z [4ms] [Warning] [carb.crashreporter-breakpad.plugin] [previous crash] preventing upload of minidump due to user opt-out: '/home/florybal/isaacSim/kit/data/Kit/Isaac-Sim Python/5.1/18ed8226-f3d6-45ae-c2c16794-68119ce9.dmp'
2026-03-12T04:01:47Z [5ms] [Warning] [carb.crashreporter-breakpad.plugin] [previous crash] preventing upload of minidump due to user opt-out: '/home/florybal/isaacSim/kit/data/Kit/Isaac-Sim Python/5.1/76461735-388e-4127-d886c6b2-4a9ab8be.dmp'
2026-03-12T04:01:47Z [6ms] [Warning] [carb.crashreporter-breakpad.plugin] [previous crash] preventing upload of minidump due to user opt-out: '/home/florybal/isaacSim/kit/data/Kit/Isaac-Sim Python/5.1/f9031ac7-6d46-4c46-002634aa-b963f26c.dmp'
2026-03-12T04:01:47Z [7ms] [Warning] [carb.crashreporter-breakpad.plugin] [previous crash] preventing upload of minidump due to user opt-out: '/home/florybal/isaacSim/kit/data/Kit/Isaac-Sim Python/5.1/2a007c18-c2c1-451f-d9bc2e99-88bac163.dmp'
2026-03-12T04:01:47Z [11ms] [Warning] [omni.ext.plugin] [ext: MobilityGen] Extensions config 'extension.toml' doesn't exist '/home/florybal/isaacSim/extsUser/MobilityGen' or '/home/florybal/isaacSim/extsUser/MobilityGen/config'
[0.109s] [ext: omni.kit.async_engine-0.0.3] startup
[0.821s] [ext: omni.metrics.core-0.0.3] startup
[0.821s] [ext: omni.client.lib-1.1.0] startup
[0.855s] [ext: omni.blobkey-1.1.2] startup
[0.855s] [ext: omni.stats-1.0.1] startup
[0.856s] [ext: omni.datastore-0.0.0] startup
[0.863s] [ext: omni.client-1.3.0] startup
[0.868s] [ext: omni.ujitso.default-1.0.0] startup
[0.870s] [ext: omni.hsscclient-1.1.2] startup
[0.879s] [ext: omni.gpu_foundation.shadercache.vulkan-1.0.0] startup
[0.887s] [ext: omni.assets.plugins-0.0.0] startup
[0.888s] [ext: omni.gpu_foundation-0.0.0] startup
[0.898s] [ext: carb.windowing.plugins-1.0.0] startup
2026-03-12T04:01:48Z [1,085ms] [Warning] [carb.windowing-glfw.gamepad] Joystick with unknown remapping detected (will be ignored):  Logitech G403 HERO Gaming Mouse Keyboard [030000006d0400008fc0000011010000]
[1.102s] [ext: omni.kit.renderer.init-0.0.0] startup

|---------------------------------------------------------------------------------------------|
| Driver Version: 590.48.01     | Graphics API: Vulkan
|=============================================================================================|
| GPU | Name                             | Active | LDA | GPU Memory | Vendor-ID | LUID       |
|     |                                  |        |     |            | Device-ID | UUID       |
|     |                                  |        |     |            | Bus-ID    |            |
|---------------------------------------------------------------------------------------------|
| 0   | NVIDIA GeForce RTX 5060          | Yes: 0 |     | 8397    MB | 10de      | 0          |
|     |                                  |        |     |            | 2d05      | a6b63eb9.. |
|     |                                  |        |     |            | 8         |            |
|=============================================================================================|
| OS:  arch, Version: 0.32609.1164807080, Kernel: 6.19.6-arch1-1
| XServer Vendor: The X.Org Foundation, XServer Version: 12401009 (1.24.1.9)
| Processor: AMD Ryzen 5 1600 Six-Core Processor
| Cores: 6 | Logical Cores: 12
|---------------------------------------------------------------------------------------------|
| Total Memory (MB): 15931 | Free Memory: 9866
| Total Page/Swap (MB): 7965 | Free Page/Swap: 7965
|---------------------------------------------------------------------------------------------|
2026-03-12T04:01:49Z [1,813ms] [Warning] [gpu.foundation.plugin] PCIe link width current (8) and maximum (16) for device 0 don't match.
2026-03-12T04:01:49Z [1,813ms] [Warning] [gpu.foundation.plugin] IOMMU is enabled.
[1.999s] [ext: omni.kit.pipapi-0.0.0] startup
[2.001s] [ext: omni.kit.pip_archive-0.0.0] startup
[2.002s] [ext: omni.pip.compute-1.6.3] startup
[2.002s] [ext: omni.materialx.libs-1.0.7] startup
[2.015s] [ext: omni.pip.cloud-1.4.3] startup
[2.021s] [ext: omni.isaac.core_archive-3.0.0] startup
[2.022s] [ext: omni.usd.config-1.0.6] startup
[2.029s] [ext: omni.gpucompute.plugins-0.0.0] startup
[2.029s] [ext: omni.usd.libs-1.0.1] startup
[2.135s] [ext: omni.kit.telemetry-0.5.2] startup
[2.201s] [ext: omni.mdl-56.0.3] startup
[2.402s] [ext: omni.iray.libs-0.0.0] startup
[2.410s] [ext: omni.mdl.neuraylib-0.2.12] startup
[2.414s] [ext: omni.kit.usd.mdl-1.1.5] startup
[2.568s] [ext: omni.isaac.ml_archive-3.0.4] startup
[2.569s] [ext: omni.kit.loop-isaac-1.3.7] startup
[2.570s] [ext: omni.kit.test-2.0.1] startup
[2.681s] [ext: omni.appwindow-1.1.10] startup
[2.684s] [ext: omni.kit.renderer.core-1.1.0] startup
[2.711s] [ext: omni.kit.renderer.capture-0.0.0] startup
[2.714s] [ext: omni.kit.renderer.imgui-2.0.5] startup
[2.806s] [ext: omni.ui-2.27.1] startup
[2.822s] [ext: omni.kit.mainwindow-1.0.3] startup
[2.824s] [ext: carb.audio-0.1.0] startup
[2.835s] [ext: omni.uiaudio-1.0.0] startup
[2.837s] [ext: omni.kit.uiapp-0.0.0] startup
[2.837s] [ext: omni.usd.schema.metrics.assembler-107.3.1] startup
[2.841s] [ext: omni.usd.schema.audio-0.0.0] startup
[2.846s] [ext: omni.anim.graph.schema-107.3.3] startup
[2.862s] [ext: omni.usd_resolver-1.0.0] startup
[2.868s] [ext: omni.usd.core-1.5.3] startup
[2.871s] [ext: omni.usd.schema.render_settings.rtx-0.0.0] startup
[2.905s] [ext: omni.usd.schema.semantics-0.0.0] startup
[2.909s] [ext: isaacsim.robot.schema-3.6.0] startup
[2.921s] [ext: omni.usd.schema.geospatial-0.0.0] startup
[2.925s] [ext: omni.usd.schema.anim-0.0.0] startup
[2.947s] [ext: omni.kit.window.popup_dialog-2.0.24] startup
[2.954s] [ext: usdrt.scenegraph-7.6.1] startup
[3.017s] [ext: omni.timeline-1.0.14] startup
[3.020s] [ext: omni.resourcemonitor-107.0.1] startup
[3.023s] [ext: omni.activity.core-1.0.3] startup
[3.025s] [ext: omni.kit.widget.nucleus_connector-2.0.1] startup
[3.029s] [ext: omni.hydra.usdrt_delegate-7.5.1] startup
[3.037s] [ext: omni.kit.actions.core-1.0.0] startup
[3.040s] [ext: omni.graph.exec-0.9.6] startup
[3.041s] [ext: omni.kit.commands-1.4.10] startup
[3.047s] [ext: omni.kit.usd_undo-0.1.8] startup
[3.048s] [ext: omni.kit.exec.core-0.13.4] startup
[3.051s] [ext: omni.kit.audiodeviceenum-1.0.2] startup
[3.053s] [ext: omni.hydra.scene_delegate-0.3.4] startup
[3.059s] [ext: omni.usd-1.13.10] startup
[3.106s] [ext: omni.kit.asset_converter-5.0.17] startup
[3.124s] [ext: omni.usd.schema.flow-107.1.1] startup
[3.125s] [ext: omni.usd.schema.omnigraph-1.0.0] startup
[3.134s] [ext: omni.usd.schema.omni_sensors-0.0.0] startup
[3.135s] [ext: omni.anim.navigation.schema-107.3.3] startup
[3.140s] [ext: omni.inspect-1.0.2] startup
[3.141s] [ext: omni.kit.notification_manager-1.0.10] startup
[3.145s] [ext: omni.graph.core-2.184.5] startup
[3.148s] [ext: isaacsim.core.deprecation_manager-0.2.7] startup
[3.149s] [ext: omni.usd.schema.physx-107.3.26] startup
[3.202s] [ext: omni.usd.schema.isaac-3.0.5] startup
[3.203s] [ext: omni.usd.schema.omniscripting-1.0.0] startup
[3.209s] [ext: omni.usd.schema.omni_lens_distortion-0.0.0] startup
[3.210s] [ext: omni.kvdb-107.3.26] startup
[3.213s] [ext: omni.usdphysics-107.3.26] startup
[3.216s] [ext: omni.physx.foundation-107.3.26] startup
[3.219s] [ext: omni.localcache-107.3.26] startup
[3.221s] [ext: omni.convexdecomposition-107.3.26] startup
[3.225s] [ext: omni.physx.cooking-107.3.26] startup
[3.230s] [ext: omni.physx-107.3.26] startup
[3.245s] [ext: omni.physics-107.3.26] startup
[3.251s] [ext: omni.kit.usd.layers-2.2.11] startup
[3.266s] [ext: omni.physics.physx-107.3.26] startup
2026-03-12T04:01:50Z [3,251ms] [Warning] [carb] Acquiring non optional plugin interface which is not listed as dependency: [omni::physx::IPhysxBenchmarks v1.0] (plugin: <default plugin>), by client: omni.physics.physx.plugin. Add it to CARB_PLUGIN_IMPL_DEPS() macro of a client.
[3.269s] [ext: omni.physics.stageupdate-107.3.26] startup
[3.272s] [ext: omni.kit.numpy.common-0.1.3] startup
[3.275s] [ext: isaacsim.core.version-2.0.6] startup
[3.277s] [ext: omni.isaac.dynamic_control-2.0.7] startup
2026-03-12T04:01:50Z [3,269ms] [Warning] [omni.isaac.dynamic_control] omni.isaac.dynamic_control is deprecated as of Isaac Sim 4.5. No action is needed from end-users.
[3.286s] [ext: isaacsim.storage.native-1.5.1] startup
[3.290s] [ext: omni.kit.menu.core-1.1.2] startup
[3.292s] [ext: omni.kit.helper.file_utils-0.1.9] startup
[3.295s] [ext: omni.usd.metrics.assembler-107.3.1] startup
[3.305s] [ext: omni.kit.widget.context_menu-1.2.5] startup
[3.308s] [ext: omni.warp.core-1.8.2] startup
[3.807s] [ext: omni.usd.metrics.assembler.physics-107.3.26] startup
[3.811s] [ext: omni.physics.tensors-107.3.26] startup
[3.822s] [ext: omni.kit.context_menu-1.8.6] startup
[3.826s] [ext: omni.kit.clipboard-1.0.5] startup
[3.828s] [ext: isaacsim.core.utils-3.5.1] startup
[3.832s] [ext: omni.kit.widget.filebrowser-2.12.3] startup
[3.842s] [ext: omni.kit.widget.options_menu-1.1.6] startup
[3.849s] [ext: omni.kit.widget.path_field-2.0.11] startup
[3.851s] [ext: omni.index.libs-380600.8087.0] startup
[3.851s] [ext: omni.ui.scene-1.11.5] startup
[3.858s] [ext: omni.kit.widget.options_button-1.0.3] startup
[3.860s] [ext: omni.kit.widget.browser_bar-2.0.10] startup
[3.862s] [ext: omni.index-1.0.1] startup
[3.862s] [ext: omni.hydra.rtx.shadercache.vulkan-1.0.0] startup
[3.865s] [ext: omni.kit.window.filepicker-2.13.4] startup
[3.895s] [ext: omni.volume-0.5.2] startup
[3.899s] [ext: omni.ujitso.client-0.0.0] startup
[3.899s] [ext: omni.graph.tools-1.79.2] startup
[3.955s] [ext: omni.graph.image.core-0.6.1] startup
[3.956s] [ext: omni.hydra.rtx-1.0.0] startup
2026-03-12T04:01:51Z [3,961ms] [Warning] [omni.log] Source: omni.hydra was already registered.
[3.999s] [ext: omni.kit.window.file_importer-1.1.18] startup
[4.003s] [ext: omni.kit.menu.utils-2.0.5] startup
[4.017s] [ext: omni.graph.image.nodes-1.3.1] startup
[4.019s] [ext: omni.kit.widget.searchable_combobox-1.0.6] startup
[4.021s] [ext: omni.kit.hydra_texture-1.4.6] startup
[4.026s] [ext: omni.kit.material.library-2.0.7] startup
[4.036s] [ext: omni.hydra.engine.stats-1.0.3] startup
[4.039s] [ext: omni.kit.viewport.scene_camera_model-1.0.6] startup
[4.045s] [ext: omni.kit.widget.settings-1.2.6] startup
[4.049s] [ext: omni.kit.viewport.legacy_gizmos-1.0.19] startup
[4.052s] [ext: omni.kit.widget.viewport-107.1.3] startup
[4.059s] [ext: omni.kit.viewport.registry-104.0.6] startup
[4.060s] [ext: omni.kit.raycast.query-1.1.0] startup
[4.067s] [ext: omni.physx.tensors-107.3.26] startup
[4.072s] [ext: omni.kit.window.drop_support-1.0.5] startup
[4.073s] [ext: omni.kit.primitive.mesh-1.0.17] startup
[4.081s] [ext: omni.kit.viewport.window-107.2.0] startup
[4.117s] [ext: omni.kit.window.preferences-1.8.0] startup
[4.127s] [ext: isaacsim.core.simulation_manager-1.4.4] startup
[6.702s] [ext: omni.graph.action_core-1.1.7] startup
[6.705s] [ext: omni.graph-1.141.2] startup
[6.797s] [ext: omni.kit.viewport.utility-1.1.2] startup
[6.799s] [ext: omni.kit.viewport.menubar.core-107.2.1] startup
[6.830s] [ext: isaacsim.core.prims-0.6.1] startup
[6.902s] [ext: omni.graph.action_nodes-1.50.4] startup
[6.909s] [ext: omni.kit.stage_template.core-1.1.22] startup
[6.916s] [ext: omni.syntheticdata-0.6.13] startup
[6.978s] [ext: omni.graph.nodes-1.170.10] startup
[6.998s] [ext: omni.graph.action-1.130.0] startup
[7.000s] [ext: omni.kit.stage_templates-2.0.0] startup
[7.011s] [ext: omni.kit.widget.filter-1.1.4] startup
[7.023s] [ext: omni.kit.widget.graph-2.0.0] startup
[7.087s] [ext: omni.kit.property.adapter.core-1.0.2] startup
[7.104s] [ext: omni.kit.window.file_exporter-1.0.33] startup
[7.111s] [ext: omni.kit.widget.searchfield-1.1.8] startup
[7.122s] [ext: omni.kit.hotkeys.core-1.3.10] startup
[7.126s] [ext: omni.kit.graph.delegate.default-1.2.3] startup
[7.131s] [ext: omni.kit.property.adapter.fabric-1.0.3] startup
[7.138s] [ext: omni.kit.widget.stage-3.1.4] startup
[7.171s] [ext: omni.kit.property.adapter.usd-1.0.2] startup
[7.176s] [ext: omni.kit.graph.editor.core-1.5.3] startup
[7.183s] [ext: omni.kit.widget.material_preview-1.0.16] startup
[7.189s] [ext: omni.kit.widget.highlight_label-1.0.3] startup
[7.193s] [ext: omni.kit.window.file-2.0.5] startup
[7.200s] [ext: omni.kit.window.content_browser_registry-0.0.6] startup
[7.205s] [ext: omni.kit.window.property-1.12.1] startup
[7.212s] [ext: omni.kit.window.content_browser-3.1.3] startup
[7.233s] [ext: omni.kit.graph.usd.commands-1.3.1] startup
[7.238s] [ext: omni.kit.property.usd-4.5.12] startup
[7.265s] [ext: omni.graph.ui_nodes-1.50.5] startup
[7.271s] [ext: omni.videoencoding-0.1.2] startup
[7.278s] [ext: omni.kit.window.material_graph-1.9.1] startup
[7.312s] [ext: omni.warp-1.8.2] startup
[7.330s] [ext: isaacsim.core.api-4.8.0] startup
[7.484s] [ext: omni.graph.scriptnode-1.50.0] startup
[7.500s] [ext: isaacsim.test.docstring-1.1.0] startup
[7.535s] [ext: isaacsim.core.experimental.utils-0.3.0] startup
[7.572s] [ext: omni.replicator.core-1.12.27] startup
2026-03-12T04:01:55Z [7,577ms] [Warning] [pxr.Semantics] pxr.Semantics is deprecated - please use Semantics instead
2026-03-12T04:01:55Z [7,798ms] [Warning] [omni.graph.core.plugin] Found duplicate of category 'Replicator' - was 'Annotators', adding 'Fabric Reader'
2026-03-12T04:01:55Z [7,798ms] [Warning] [omni.graph.core.plugin] Category 'Replicator' not accepted on node type 'omni.replicator.core.FabricReader' in extension 'omni.replicator.core'
2026-03-12T04:01:55Z [7,799ms] [Warning] [omni.replicator.core.scripts.extension] No material configuration file, adding configuration to material settings directly.
[7.824s] [ext: isaacsim.core.experimental.prims-0.8.1] startup
[7.940s] [ext: omni.kit.window.extensions-1.4.27] startup
[7.964s] [ext: isaacsim.core.experimental.objects-0.4.0] startup
[7.999s] [ext: omni.ui_query-1.1.8] startup
[8.013s] [ext: omni.kit.manipulator.viewport-107.0.1] startup
[8.031s] [ext: isaacsim.robot.surface_gripper-3.3.1] startup
[8.043s] [ext: omni.kit.ui_test-1.3.7] startup
[8.061s] [ext: omni.graph.visualization.nodes-2.1.3] startup
[8.167s] [ext: isaacsim.robot_motion.lula-4.0.8] startup
[8.203s] [ext: isaacsim.core.nodes-3.4.3] startup
[8.294s] [ext: isaacsim.gui.components-1.2.1] startup
[8.341s] [ext: isaacsim.robot_motion.motion_generation-8.0.26] startup
[8.766s] [ext: isaacsim.robot.manipulators-3.3.6] startup
[8.937s] [ext: isaacsim.core.experimental.materials-0.4.0] startup
[9.398s] [ext: isaacsim.robot.manipulators.examples-1.1.2] startup
[9.442s] [ext: isaacsim.cortex.framework-1.0.12] startup
[9.504s] [ext: isaacsim.cortex.behaviors-2.0.14] startup
[9.560s] [ext: omni.isaac.cortex.sample_behaviors-2.0.5] startup
2026-03-12T04:01:57Z [9,570ms] [Warning] [omni.isaac.cortex] omni.isaac.cortex has been deprecated in favor of isaacsim.cortex.framework. Please update your code accordingly.
2026-03-12T04:01:57Z [9,580ms] [Warning] [omni.isaac.cortex.sample_behaviors] omni.isaac.cortex.sample_behaviors has been deprecated in favor of isaacsim.cortex.behaviors. Please update your code accordingly.
[9.605s] [ext: omni.kit.widget.zoombar-1.0.6] startup
[9.628s] [ext: isaacsim.gui.content_browser-0.1.11] startup
[9.639s] [ext: omni.kit.browser.core-2.3.13] startup
[9.687s] [ext: omni.kit.widget.stage_icons-1.0.8] startup
[9.692s] [ext: omni.kit.widget.prompt-1.0.7] startup
[9.697s] [ext: omni.kit.usd.collect-2.4.5] startup
[9.706s] [ext: omni.kit.browser.folder.core-1.10.9] startup
[9.750s] [ext: omni.kit.window.stage-2.6.1] startup
[9.769s] [ext: omni.kit.usdz_export-1.0.9] startup
[9.784s] [ext: omni.kit.tool.collect-2.2.18] startup
[9.805s] [ext: omni.kit.menu.stage-1.2.7] startup
[9.816s] [ext: omni.kit.tool.asset_importer-4.3.2] startup
[9.860s] [ext: isaacsim.robot.wheeled_robots-4.0.24] startup
[9.884s] [ext: isaacsim.examples.browser-0.2.1] startup
[9.908s] [ext: isaacsim.asset.importer.urdf-2.4.30] startup
[10.040s] [ext: omni.isaac.wheeled_robots-3.0.7] startup
2026-03-12T04:01:57Z [10,029ms] [Warning] [omni.isaac.wheeled_robots] omni.isaac.wheeled_robots has been deprecated in favor of isaacsim.robot.wheeled_robots. Please update your code accordingly.
2026-03-12T04:01:57Z [10,029ms] [Warning] [omni.isaac.wheeled_robots.controllers] omni.isaac.wheeled_robots has been deprecated in favor of isaacsim.robot.wheeled_robots. Please update your code accordingly.
2026-03-12T04:01:57Z [10,030ms] [Warning] [omni.isaac.wheeled_robots.controllers.ackermann_controller] omni.isaac.wheeled_robots has been deprecated in favor of isaacsim.robot.wheeled_robots. Please update your code accordingly.
2026-03-12T04:01:57Z [10,030ms] [Warning] [omni.isaac.wheeled_robots.controllers.differential_controller] omni.isaac.wheeled_robots has been deprecated in favor of isaacsim.robot.wheeled_robots. Please update your code accordingly.
2026-03-12T04:01:57Z [10,031ms] [Warning] [omni.isaac.wheeled_robots.controllers.holonomic_controller] omni.isaac.wheeled_robots has been deprecated in favor of isaacsim.robot.wheeled_robots. Please update your code accordingly.
2026-03-12T04:01:57Z [10,031ms] [Warning] [omni.isaac.wheeled_robots.controllers.quintic_path_planner] omni.isaac.wheeled_robots has been deprecated in favor of isaacsim.robot.wheeled_robots. Please update your code accordingly.
2026-03-12T04:01:57Z [10,031ms] [Warning] [omni.isaac.wheeled_robots.controllers.stanley_control] omni.isaac.wheeled_robots has been deprecated in favor of isaacsim.robot.wheeled_robots. Please update your code accordingly.
2026-03-12T04:01:57Z [10,032ms] [Warning] [omni.isaac.wheeled_robots.controllers.wheel_base_pose_controller] omni.isaac.wheeled_robots has been deprecated in favor of isaacsim.robot.wheeled_robots. Please update your code accordingly.
2026-03-12T04:01:57Z [10,036ms] [Warning] [omni.isaac.wheeled_robots.impl] omni.isaac.wheeled_robots has been deprecated in favor of isaacsim.robot.wheeled_robots. Please update your code accordingly.
2026-03-12T04:01:57Z [10,041ms] [Warning] [omni.isaac.wheeled_robots.robots] omni.isaac.wheeled_robots has been deprecated in favor of isaacsim.robot.wheeled_robots. Please update your code accordingly.
2026-03-12T04:01:57Z [10,053ms] [Warning] [omni.isaac.wheeled_robots.robots.holonomic_robot_usd_setup] omni.isaac.wheeled_robots has been deprecated in favor of isaacsim.robot.wheeled_robots. Please update your code accordingly.
2026-03-12T04:01:57Z [10,058ms] [Warning] [omni.isaac.wheeled_robots.robots.wheeled_robot] omni.isaac.wheeled_robots has been deprecated in favor of isaacsim.robot.wheeled_robots. Please update your code accordingly.
[10.076s] [ext: isaacsim.simulation_app-2.12.2] startup
[10.083s] [ext: omni.isaac.franka-1.0.7] startup
2026-03-12T04:01:57Z [10,069ms] [Warning] [omni.isaac.franka] omni.isaac.franka has been deprecated in favor of isaacsim.robot.manipulators.examples.franka. Please update your code accordingly.
2026-03-12T04:01:57Z [10,069ms] [Warning] [omni.isaac.franka.franka] omni.isaac.franka has been deprecated in favor of isaacsim.robot.manipulators.examples.franka. Please update your code accordingly.
2026-03-12T04:01:57Z [10,130ms] [Warning] [omni.isaac.franka.kinematics_solver] omni.isaac.franka has been deprecated in favor of isaacsim.robot.manipulators.examples.franka. Please update your code accordingly.
[10.147s] [ext: omni.isaac.kit-2.0.6] startup
2026-03-12T04:01:57Z [10,138ms] [Warning] [omni.isaac.kit] omni.isaac.kit has been deprecated in favor of isaacsim.simulation_app. Please update your code accordingly.
[10.155s] [ext: omni.kit.selection-0.1.6] startup
[10.161s] [ext: omni.isaac.lula-4.0.6] startup
2026-03-12T04:01:57Z [10,146ms] [Warning] [omni.isaac.lula] omni.isaac.lula has been deprecated in favor of isaacsim.robot_motion.lula. Please update your code accordingly.
[10.163s] [ext: isaacsim.robot_motion.lula_test_widget-1.0.12] startup
[10.170s] [ext: isaacsim.asset.browser-1.3.23] startup
[10.310s] [ext: omni.kit.viewport.actions-107.0.2] startup
[10.325s] [ext: isaacsim.gui.menu-2.4.4] startup
[10.340s] [ext: omni.isaac.manipulators-3.0.7] startup
2026-03-12T04:01:57Z [10,330ms] [Warning] [omni.isaac.manipulators] omni.isaac.manipulators has been deprecated in favor of isaacsim.robot.manipulators. Please update your code accordingly.
2026-03-12T04:01:57Z [10,331ms] [Warning] [omni.isaac.manipulators.controllers] omni.isaac.manipulators has been deprecated in favor of isaacsim.robot.manipulators. Please update your code accordingly.
2026-03-12T04:01:57Z [10,331ms] [Warning] [omni.isaac.manipulators.controllers.pick_place_controller] omni.isaac.manipulators has been deprecated in favor of isaacsim.robot.manipulators. Please update your code accordingly.
2026-03-12T04:01:57Z [10,338ms] [Warning] [omni.isaac.manipulators.controllers.stacking_controller] omni.isaac.manipulators has been deprecated in favor of isaacsim.robot.manipulators. Please update your code accordingly.
2026-03-12T04:01:57Z [10,338ms] [Warning] [omni.isaac.manipulators.grippers] omni.isaac.manipulators has been deprecated in favor of isaacsim.robot.manipulators. Please update your code accordingly.
2026-03-12T04:01:57Z [10,339ms] [Warning] [omni.isaac.manipulators.grippers.gripper] omni.isaac.manipulators has been deprecated in favor of isaacsim.robot.manipulators. Please update your code accordingly.
2026-03-12T04:01:57Z [10,339ms] [Warning] [omni.isaac.manipulators.grippers.parallel_gripper] omni.isaac.manipulators has been deprecated in favor of isaacsim.robot.manipulators. Please update your code accordingly.
2026-03-12T04:01:57Z [10,339ms] [Warning] [omni.isaac.manipulators.grippers.surface_gripper] omni.isaac.manipulators has been deprecated in favor of isaacsim.robot.manipulators. Please update your code accordingly.
2026-03-12T04:01:57Z [10,340ms] [Warning] [omni.isaac.manipulators.manipulators] omni.isaac.manipulators has been deprecated in favor of isaacsim.robot.manipulators. Please update your code accordingly.
2026-03-12T04:01:57Z [10,340ms] [Warning] [omni.isaac.manipulators.manipulators.single_manipulator] omni.isaac.manipulators has been deprecated in favor of isaacsim.robot.manipulators. Please update your code accordingly.
[10.358s] [ext: omni.isaac.lula_test_widget-1.0.6] startup
2026-03-12T04:01:57Z [10,344ms] [Warning] [omni.isaac.lula_test_widget] omni.isaac.lula_test_widget has been deprecated in favor of isaacsim.robot_motion.lula_test_widget. Please update your code accordingly.
[10.361s] [ext: omni.isaac.asset_browser-1.0.6] startup
2026-03-12T04:01:57Z [10,351ms] [Warning] [omni.isaac.asset_browser] omni.isaac.asset_browser has been deprecated in favor of isaacsim.asset.browser. Please update your code accordingly.
[10.371s] [ext: omni.kit.viewport.menubar.display-107.0.3] startup
[10.384s] [ext: omni.isaac.menu-1.0.6] startup
2026-03-12T04:01:58Z [10,370ms] [Warning] [omni.isaac.menu] omni.isaac.menu has been deprecated in favor of isaacsim.gui.menu. Please update your code accordingly.
[10.388s] [ext: omni.isaac.motion_generation-8.0.7] startup
2026-03-12T04:01:58Z [10,375ms] [Warning] [omni.isaac.motion_generation] omni.isaac.motion_generation has been deprecated in favor of isaacsim.robot_motion.motion_generation. Please update your code accordingly.
2026-03-12T04:01:58Z [10,378ms] [Warning] [omni.isaac.motion_generation.articulation_kinematics_solver] omni.isaac.motion_generation has been deprecated in favor of isaacsim.robot_motion.motion_generation. Please update your code accordingly.
2026-03-12T04:01:58Z [10,378ms] [Warning] [omni.isaac.motion_generation.articulation_motion_policy] omni.isaac.motion_generation has been deprecated in favor of isaacsim.robot_motion.motion_generation. Please update your code accordingly.
2026-03-12T04:01:58Z [10,379ms] [Warning] [omni.isaac.motion_generation.articulation_trajectory] omni.isaac.motion_generation has been deprecated in favor of isaacsim.robot_motion.motion_generation. Please update your code accordingly.
2026-03-12T04:01:58Z [10,379ms] [Warning] [omni.isaac.motion_generation.kinematics_interface] omni.isaac.motion_generation has been deprecated in favor of isaacsim.robot_motion.motion_generation. Please update your code accordingly.
2026-03-12T04:01:58Z [10,379ms] [Warning] [omni.isaac.motion_generation.lula] omni.isaac.motion_generation has been deprecated in favor of isaacsim.robot_motion.motion_generation. Please update your code accordingly.
2026-03-12T04:01:58Z [10,380ms] [Warning] [omni.isaac.motion_generation.lula.kinematics] omni.isaac.motion_generation has been deprecated in favor of isaacsim.robot_motion.motion_generation. Please update your code accordingly.
2026-03-12T04:01:58Z [10,380ms] [Warning] [omni.isaac.motion_generation.lula.motion_policies] omni.isaac.motion_generation has been deprecated in favor of isaacsim.robot_motion.motion_generation. Please update your code accordingly.
2026-03-12T04:01:58Z [10,381ms] [Warning] [omni.isaac.motion_generation.lula.path_planners] omni.isaac.motion_generation has been deprecated in favor of isaacsim.robot_motion.motion_generation. Please update your code accordingly.
2026-03-12T04:01:58Z [10,381ms] [Warning] [omni.isaac.motion_generation.lula.trajectory_generator] omni.isaac.motion_generation has been deprecated in favor of isaacsim.robot_motion.motion_generation. Please update your code accordingly.
2026-03-12T04:01:58Z [10,381ms] [Warning] [omni.isaac.motion_generation.motion_policy_controller] omni.isaac.motion_generation has been deprecated in favor of isaacsim.robot_motion.motion_generation. Please update your code accordingly.
2026-03-12T04:01:58Z [10,382ms] [Warning] [omni.isaac.motion_generation.motion_policy_interface] omni.isaac.motion_generation has been deprecated in favor of isaacsim.robot_motion.motion_generation. Please update your code accordingly.
2026-03-12T04:01:58Z [10,382ms] [Warning] [omni.isaac.motion_generation.path_planner_visualizer] omni.isaac.motion_generation has been deprecated in favor of isaacsim.robot_motion.motion_generation. Please update your code accordingly.
2026-03-12T04:01:58Z [10,382ms] [Warning] [omni.isaac.motion_generation.path_planning_interface] omni.isaac.motion_generation has been deprecated in favor of isaacsim.robot_motion.motion_generation. Please update your code accordingly.
2026-03-12T04:01:58Z [10,383ms] [Warning] [omni.isaac.motion_generation.trajectory] omni.isaac.motion_generation has been deprecated in favor of isaacsim.robot_motion.motion_generation. Please update your code accordingly.
2026-03-12T04:01:58Z [10,383ms] [Warning] [omni.isaac.motion_generation.world_interface] omni.isaac.motion_generation has been deprecated in favor of isaacsim.robot_motion.motion_generation. Please update your code accordingly.
[10.401s] [ext: omni.isaac.assets_check-0.3.13] startup
2026-03-12T04:01:58Z [10,391ms] [Warning] [omni.isaac.assets_check] omni.isaac.assets_check has been deprecated in favor of isaacsim.asset.browser. Please update your code accordingly.
[10.408s] [ext: isaacsim.gui.sensors.icon-2.0.3] startup
[10.463s] [ext: isaacsim.asset.importer.mjcf-2.5.13] startup
[10.475s] [ext: omni.sensors.nv.common-3.0.0] startup
[10.492s] [ext: isaacsim.sensors.physics-0.4.3] startup
[10.502s] [ext: omni.sensors.net-1.0.0] startup
[10.509s] [ext: omni.isaac.nucleus-1.0.6] startup
2026-03-12T04:01:58Z [10,494ms] [Warning] [omni.isaac.nucleus] omni.isaac.nucleus has been deprecated in favor of isaacsim.storage.native. Please update your code accordingly.
2026-03-12T04:01:58Z [10,495ms] [Warning] [omni.isaac.nucleus.nucleus] omni.isaac.nucleus.nucleus has been deprecated in favor of isaacsim.storage.native. Please update your code accordingly.
[10.512s] [ext: omni.sensors.nv.materials-2.0.0] startup
[10.522s] [ext: isaacsim.robot.policy.examples-4.1.11] startup
[10.528s] [ext: omni.sensors.nv.wpm-3.0.0] startup
[10.534s] [ext: omni.sensors.nv.lidar-3.0.0] startup
[10.546s] [ext: isaacsim.util.debug_draw-3.1.0] startup
[10.563s] [ext: omni.sensors.nv.radar-3.0.0] startup
[10.571s] [ext: omni.sensors.nv.ids-2.0.0] startup
[10.574s] [ext: isaacsim.core.cloner-1.4.10] startup
[10.579s] [ext: isaacsim.sensors.physx-2.3.2] startup
[10.590s] [ext: isaacsim.sensors.rtx-15.8.4] startup
[10.605s] [ext: isaacsim.sensors.camera-1.3.6] startup
[10.639s] [ext: omni.isaac.quadruped-3.0.7] startup
2026-03-12T04:01:58Z [10,630ms] [Warning] [omni.isaac.quadruped] omni.isaac.quadruped has been deprecated in favor of isaacsim.robot.policy.examples. Please update your code accordingly.
[10.648s] [ext: omni.isaac.cloner-1.0.7] startup
2026-03-12T04:01:58Z [10,635ms] [Warning] [omni.isaac.cloner] omni.isaac.cloner has been deprecated in favor of isaacsim.core.cloner. Please update your code accordingly.
[10.653s] [ext: omni.isaac.range_sensor-4.0.6] startup
2026-03-12T04:01:58Z [10,649ms] [Warning] [omni.isaac.range_sensor] omni.isaac.range_sensor has been deprecated in favor of isaacsim.sensors.physx. Please update your code accordingly.
2026-03-12T04:01:58Z [10,649ms] [Warning] [omni.isaac.range_sensor.commands] omni.isaac.range_sensor.commands has been deprecated in favor of isaacsim.sensors.physx.commands. Please update your code accordingly.
[10.673s] [ext: omni.isaac.sensor-13.0.7] startup
2026-03-12T04:01:58Z [10,662ms] [Warning] [omni.isaac.sensor] omni.isaac.sensor has been deprecated in favor of isaacsim.sensors.camera, isaacsim.sensors.physics, isaacsim.sensors.physx, and isaacsim.sensors.rtx. Please update your code accordingly.
2026-03-12T04:01:58Z [10,667ms] [Warning] [omni.isaac.sensor.camera] omni.isaac.sensor.camera has been deprecated in favor of isaacsim.sensors.camera.camera. Please update your code accordingly.
2026-03-12T04:01:58Z [10,668ms] [Warning] [omni.isaac.sensor.camera_view] omni.isaac.sensor.camera_view has been deprecated in favor of isaacsim.sensors.camera.camera_view. Please update your code accordingly.
2026-03-12T04:01:58Z [10,670ms] [Warning] [omni.isaac.sensor.commands] omni.isaac.sensor.commands has been deprecated in favor of isaacsim.sensors.physics.commands, isaacsim.sensors.physx.commands, and isaacsim.sensors.rtx.commands. Please update your code accordingly.
2026-03-12T04:01:58Z [10,670ms] [Warning] [omni.isaac.sensor.contact_sensor] omni.isaac.sensor.contact_sensor has been deprecated in favor of isaacsim.sensors.physics.contact_sensor. Please update your code accordingly.
2026-03-12T04:01:58Z [10,671ms] [Warning] [omni.isaac.sensor.imu_sensor] omni.isaac.sensor.imu_sensor has been deprecated in favor of isaacsim.sensors.physics.imu_sensor. Please update your code accordingly.
2026-03-12T04:01:58Z [10,672ms] [Warning] [omni.isaac.sensor.lidar_rtx] omni.isaac.sensor.lidar_rtx has been deprecated in favor of isaacsim.sensors.rtx.lidar_rtx. Please update your code accordingly.
2026-03-12T04:01:58Z [10,672ms] [Warning] [omni.isaac.sensor.rotating_lidar_physX] omni.isaac.sensor.imu_sensor has been deprecated in favor of isaacsim.sensors.physix.rotating_lidar_physX. Please update your code accordingly.
2026-03-12T04:01:58Z [10,674ms] [Warning] [omni.isaac.sensor.scripts.samples.contact_sensor] omni.isaac.sensor.scripts.samples.contact_sensor has been deprecated in favor of isaacsim.sensors.physics.scripts.samples.contact_sensor. Please update your code accordingly.
2026-03-12T04:01:58Z [10,675ms] [Warning] [omni.isaac.sensor.scripts.samples.imu_sensor] omni.isaac.sensor.scripts.samples.imu_sensor has been deprecated in favor of isaacsim.sensors.physics.scripts.samples.imu_sensor. Please update your code accordingly.
2026-03-12T04:01:58Z [10,676ms] [Warning] [omni.isaac.sensor.scripts.samples.lightbeam_sensor] omni.isaac.sensor.scripts.samples.lightbeam_sensor has been deprecated in favor of isaacsim.sensors.physx.scripts.samples.lightbeam_sensor. Please update your code accordingly.
[10.694s] [ext: omni.kit.menu.create-2.0.1] startup
[10.720s] [ext: omni.kit.widget.toolbar-2.0.1] startup
[10.754s] [ext: omni.kit.manipulator.transform-107.0.0] startup
[10.767s] [ext: omni.isaac.core-4.0.7] startup
2026-03-12T04:01:58Z [10,754ms] [Warning] [omni.isaac.core.physics_context.physics_context] omni.isaac.core.physics_context.physics_context has been deprecated in favor of isaacsim.core.api.physics_context.physics_context. Please update your code accordingly.
2026-03-12T04:01:58Z [10,755ms] [Warning] [omni.isaac.core.simulation_context.simulation_context] omni.isaac.core.simulation_context.simulation_context has been deprecated in favor of isaacsim.core.api.simulation_context.simulation_context. Please update your code accordingly.
2026-03-12T04:01:58Z [10,756ms] [Warning] [omni.isaac.core.world.world] omni.isaac.core.world.world has been deprecated in favor of isaacsim.core.api.world.world. Please update your code accordingly.
2026-03-12T04:01:58Z [10,756ms] [Warning] [omni.isaac.core] omni.isaac.core has been deprecated in favor of isaacsim.core.api. Please update your code accordingly.
[10.773s] [ext: omni.kit.scripting-107.3.2] startup
[10.794s] [ext: omni.kit.manipulator.tool.snap-1.5.13] startup
[10.805s] [ext: omni.kit.manipulator.selector-1.1.3] startup
[10.809s] [ext: isaacsim.app.about-2.0.11] startup
[10.822s] [ext: isaacsim.replicator.behavior-1.1.16] startup
[10.826s] [ext: omni.kit.viewport.manipulator.transform-107.0.4] startup
[10.834s] [ext: omni.isaac.window.about-2.0.7] startup
2026-03-12T04:01:58Z [10,823ms] [Warning] [omni.isaac.window.about] omni.isaac.window.about has been deprecated in favor of isaacsim.app.about. Please update your code accordingly.
2026-03-12T04:01:58Z [10,824ms] [Warning] [omni.isaac.window.about.about] omni.isaac.window.about.about has been deprecated in favor of isaacsim.app.about.about. Please update your code accordingly.
[10.841s] [ext: omni.fabric.commands-1.1.6] startup
[10.850s] [ext: omni.kit.manipulator.prim.core-107.0.8] startup
[10.866s] [ext: omni.kit.property.audio-1.0.16] startup
[10.872s] [ext: omni.kit.property.camera-1.0.10] startup
[10.876s] [ext: omni.kit.property.geometry-2.0.4] startup
[10.885s] [ext: omni.hydra.scene_api-0.1.2] startup
[10.892s] [ext: omni.kit.property.light-1.0.12] startup
[10.925s] [ext: omni.kit.manipulator.prim.fabric-107.0.4] startup
[10.929s] [ext: omni.kit.manipulator.prim.usd-107.0.3] startup
[10.932s] [ext: omni.kit.property.material-1.11.9] startup
[10.948s] [ext: omni.kit.property.render-1.2.1] startup
[10.952s] [ext: omni.kit.property.transform-1.5.13] startup
[10.961s] [ext: isaacsim.gui.property-1.1.3] startup
[10.966s] [ext: omni.kit.manipulator.camera-106.0.4] startup
[10.977s] [ext: omni.kit.manipulator.prim-107.0.0] startup
[10.978s] [ext: omni.isaac.surface_gripper-2.0.6] startup
2026-03-12T04:01:58Z [10,962ms] [Warning] [omni.isaac.surface_gripper] omni.isaac.surface_gripper has been deprecated in favor of isaacsim.robot.surface_gripper. Please update your code accordingly.
[10.979s] [ext: omni.kit.manipulator.selection-106.0.1] startup
[10.991s] [ext: omni.kit.property.bundle-1.4.1] startup
[10.996s] [ext: omni.kit.property.isaac-1.0.6] startup
2026-03-12T04:01:58Z [10,983ms] [Warning] [omni.kit.property.isaac] omni.kit.property.isaac has been deprecated in favor of isaacsim.gui.property. Please update your code accordingly.
2026-03-12T04:01:58Z [10,983ms] [Warning] [omni.kit.property.isaac.widgets] omni.kit.property.isaac.widgets has been deprecated in favor of isaacsim.gui.property.widgets. Please update your code accordingly.
[11.001s] [ext: omni.isaac.universal_robots-1.0.6] startup
2026-03-12T04:01:58Z [10,986ms] [Warning] [omni.isaac.universal_robots] omni.isaac.universal_robots has been deprecated in favor of isaacsim.robot.manipulators.examples.universal_robots. Please update your code accordingly.
2026-03-12T04:01:58Z [10,986ms] [Warning] [omni.isaac.universal_robots.kinematics_solver] omni.isaac.franka has been deprecated in favor of isaacsim.robot.manipulators.examples.universal_robots. Please update your code accordingly.
2026-03-12T04:01:58Z [10,989ms] [Warning] [omni.isaac.universal_robots.ur10] omni.isaac.franka has been deprecated in favor of isaacsim.robot.manipulators.examples.universal_robots. Please update your code accordingly.
[11.006s] [ext: omni.isaac.core_nodes-2.0.6] startup
2026-03-12T04:01:58Z [10,999ms] [Warning] [omni.isaac.core_nodes] omni.isaac.core_nodes has been deprecated in favor of isaacsim.core.nodes. Please update your code accordingly.
[11.016s] [ext: omni.kit.viewport.menubar.camera-107.0.6] startup
[11.044s] [ext: omni.kit.viewport.menubar.lighting-107.3.1] startup
[11.053s] [ext: isaacsim.replicator.writers-1.0.17] startup
[11.095s] [ext: omni.kit.viewport.menubar.render-107.0.10] startup
[11.112s] [ext: omni.kit.viewport.menubar.settings-107.0.3] startup
[11.142s] [ext: omni.kit.window.console-1.1.4] startup
[11.161s] [ext: isaacsim.replicator.domain_randomization-1.0.16] startup
[11.173s] [ext: isaacsim.replicator.examples-1.3.6] startup
[11.185s] [ext: omni.ocio-0.1.1] startup
[11.197s] [ext: omni.rtx.window.settings-0.6.19] startup
[11.269s] [ext: omni.kit.window.status_bar-0.1.9] startup
[11.296s] [ext: omni.kit.window.toolbar-2.0.0] startup
[11.307s] [ext: omni.replicator.isaac-2.0.8] startup
2026-03-12T04:01:58Z [11,292ms] [Warning] [omni.replicator.isaac] omni.replicator.isaac has been deprecated in favor of isaacsim.replicator.domain_randomization, isaacsim.replicator.examples, isaacsim.replicator.writers. Please update your code accordingly.
[11.310s] [ext: omni.replicator.replicator_yaml-2.0.11] startup
[11.368s] [ext: omni.rtx.settings.core-0.6.5] startup
[11.386s] [ext: omni.usd.metrics.assembler.ui-107.3.1] startup
[11.406s] [ext: omni.isaac.utils-2.0.6] startup
[11.409s] [ext: semantics.schema.editor-2.0.2] startup
[11.419s] [ext: omni.kit.ui.actions-1.0.5] startup
[11.424s] [ext: semantics.schema.property-2.0.1] startup
[11.430s] [ext: omni.isaac.version-2.0.7] startup
2026-03-12T04:01:59Z [11,416ms] [Warning] [omni.isaac.version] omni.isaac.version has been deprecated in favor of isaacsim.core.version. Please update your code accordingly.
[11.434s] [ext: omni.isaac.cortex-1.0.5] startup
[11.435s] [ext: omni.anim.curve.core-1.3.1] startup
[11.460s] [ext: isaacsim.core.throttling-2.2.2] startup
[11.466s] [ext: omni.kit.menu.common-2.0.1] startup
[11.470s] [ext: isaacsim.exp.base-5.1.0] startup
[11.474s] [ext: omni.ext.mobility_gen-1.0.0] startup
2026-03-12T04:01:59Z [11,497ms] [Warning] [omni.isaac.core.articulations.articulation] omni.isaac.core.articulations.articulation.Articulation has been deprecated in favor of isaacsim.core.prims.SingleArticulation Please update your code accordingly.
2026-03-12T04:01:59Z [11,497ms] [Warning] [omni.isaac.core.articulations.articulation_gripper] omni.isaac.core.articulations.articulation_gripper has been deprecated in favor of isaacsim.core.api.articulations.articulation_gripper. Please update your code accordingly.
2026-03-12T04:01:59Z [11,497ms] [Warning] [omni.isaac.core.articulations.articulation_subset] omni.isaac.core.articulations.articulation_subset has been deprecated in favor of isaacsim.core.api.articulations.articulation_subset. Please update your code accordingly.
2026-03-12T04:01:59Z [11,498ms] [Warning] [omni.isaac.core.articulations.articulation_view] omni.isaac.core.articulations.articulation_view.ArticulationView has been deprecated in favor of isaacsim.core.prims.Articulation. Please update your code accordingly.
[11.519s] [ext: isaacsim.exp.base.python-5.1.0] startup
[11.520s] [ext: isaacsim.asset.gen.omap-2.0.29] startup
[11.529s] Simulation App Starting
2026-03-12T04:01:59Z [11,674ms] [Warning] [omni.fabric.plugin] Warning: attribute viewportHandle not found for bucket id 9

[11.753s] app ready
Starting kit application with the following args:  ['/home/florybal/MobilityGen/app/exts/isaacsim.simulation_app/isaacsim/simulation_app/simulation_app.py', '/home/florybal/MobilityGen/app/apps/isaacsim.exp.base.python.kit', '--/app/tokens/exe-path=/home/florybal/MobilityGen/app/kit', '--/persistent/app/viewport/displayOptions=3094', '--/rtx/materialDb/syncLoads=True', '--/rtx/hydra/materialSyncLoads=True', '--/omni.kit.plugin/syncUsdLoads=True', '--/app/renderer/resolution/width=1280', '--/app/renderer/resolution/height=720', '--/app/window/width=1440', '--/app/window/height=900', '--/renderer/multiGpu/enabled=True', '--/app/fastShutdown=True', '--/app/installSignalHandlers=0', '--ext-folder', '/home/florybal/MobilityGen/app/exts', '--ext-folder', '/home/florybal/MobilityGen/app/apps', '--/physics/cudaDevice=0', '--/renderer/raytracingMotion/enabled=true', '--/renderer/raytracingMotion/enableHydraEngineMasking=true', "--/renderer/raytracingMotion/enabledForHydraEngines='0'", '--/plugins/carb.tasking.plugin/threadCount=12', '--/plugins/omni.tbb.globalcontrol/maxThreadCount=12', '--portable', '--no-window', '--/app/window/hideUi=1']
Passing the following args to the base kit application:  ['--ext-folder', 'exts', '--enable', 'omni.ext.mobility_gen', '--enable', 'isaacsim.asset.gen.omap', '--input_path', '/home/florybal/MobilityGenData/recordings/2026-03-12T00:56:46.693314', '--output_path', '/home/florybal/MobilityGenData/replays/2026-03-12T00:56:46.693314', '--render_interval', '30', '--render_rt_subframes', '1', '--rgb_enabled', 'True', '--segmentation_enabled', 'True', '--instance_id_segmentation_enabled', 'True', '--normals_enabled', 'False', '--depth_enabled', 'True', '--lidar_enabled', 'True']
Warp 1.8.2 initialized:
   CUDA Toolkit 12.8, Driver 13.1
   Devices:
     "cpu"      : "CPU"
     "cuda:0"   : "NVIDIA GeForce RTX 5060" (8 GiB, sm_120, mempool enabled)
   Kernel cache:
     /home/florybal/.cache/warp/1.8.2
Warp DeprecationWarning: The `warp.sim` module is deprecated and will be removed in v1.10. Please transition to using the forthcoming Newton library instead.
[DEBUG] SimulationApp created.
[SETUP] load_scenario ...
[LidarSensor] Building at /World/robot/chassis/Sensors/LidarSensor with config HESAI_XT32_SD10
[LidarSensor] Attached RTX annotator to /World/robot/chassis/Sensors/LidarSensor
[SETUP] load_scenario done (15.5s)
[SETUP] get_world ...
[SETUP] get_world done (0.0s)
[SETUP] world.reset ...
[SETUP] world.reset done (1.8s)
<omni.ext.mobility_gen.scenarios.KeyboardTeleoperationScenario object at 0x7f5c0b7253d0>
[16.263s] Simulation App Startup Complete
2026-03-12T04:02:20Z [33,145ms] [Warning] [omni.physx.plugin] Detected an articulation at /World/robot with more than 4 velocity iterations being added to a TGS scene.The related behavior changed recently, please consult the changelog. This warning will only print once.
2026-03-12T04:02:20Z [33,162ms] [Warning] [carb] Plugin interface for a client: omni.hydratexture.plugin was already released.
2026-03-12T04:02:22Z [34,383ms] [Error] [omni.physx.plugin] Physics scenes stepping is not the same, step subscription will be send with later step, per scene step is not yet supported.
2026-03-12T04:02:22Z [34,519ms] [Warning] [carb] Client omni.sensors.nv.materials.composite_material has acquired [omni::sensors::materials::IMaterialReaderFactory v0.1] 100 times. Consider accessing this interface with carb::getCachedInterface() (Performance warning)
2026-03-12T04:02:22Z [34,997ms] [Warning] [omni.syntheticdata.plugin] OgnSdPostRenderVarToHost : rendervar copy from texture directly to host buffer is counter-performant. Please use copy from texture to device buffer first.
2026-03-12T04:02:22Z [35,312ms] [Error] [omni.physx.plugin] PhysX error: PxRigidBody::getLinearVelocity() not allowed while simulation is running (except during PxScene::collide())., FILE /builds/omniverse/physics/physx/source/physx/src/NpRigidBodyTemplate.h, LINE 491
2026-03-12T04:02:22Z [35,312ms] [Error] [omni.physx.plugin] PhysX error: Concurrent API write call or overlapping API read and write call detected during fetchResults from thread 889165504! Note that write operations to the SDK must be sequential, i.e., no overlap with other write or read calls, else the resulting behavior is undefined. Also note that API writes during a callback function are not permitted., FILE /builds/omniverse/physics/physx/source/physx/src/NpCheck.cpp, LINE 95
2026-03-12T04:02:22Z [35,312ms] [Error] [omni.physx.plugin] PhysX error: Leaving getLinearVelocity on thread 1162607488, an API overlapping write on another thread was detected., FILE /builds/omniverse/physics/physx/source/physx/src/NpCheck.cpp, LINE 72
[SETUP] enable_rgb_rendering ...
[Camera] Attached LdrColor annotator to /World/robot/chassis/Sensors/Camera/left/camera_left
[Camera] Attached LdrColor annotator to /World/robot/chassis/Sensors/Camera/right/camera_right
[Camera] Attached LdrColor annotator to /World/robot/chassis/Sensors/FisheyeCamera
[Camera] Attached LdrColor annotator to /World/robot/chassis/Sensors/FisheyeCamera
[SETUP] enable_rgb_rendering done (0.1s)
[SETUP] enable_segmentation_rendering ...
[Camera] Attached segmentation annotator to /World/robot/chassis/Sensors/Camera/left/camera_left
[Camera] Attached segmentation annotator to /World/robot/chassis/Sensors/Camera/right/camera_right
[Camera] Attached segmentation annotator to /World/robot/chassis/Sensors/FisheyeCamera
[Camera] Attached segmentation annotator to /World/robot/chassis/Sensors/FisheyeCamera
[SETUP] enable_segmentation_rendering done (0.3s)
[SETUP] enable_depth_rendering ...
[Camera] Attached depth annotator to /World/robot/chassis/Sensors/Camera/left/camera_left
[Camera] Attached depth annotator to /World/robot/chassis/Sensors/Camera/right/camera_right
[Camera] Attached depth annotator to /World/robot/chassis/Sensors/FisheyeCamera
[Camera] Attached depth annotator to /World/robot/chassis/Sensors/FisheyeCamera
[SETUP] enable_depth_rendering done (0.1s)
[SETUP] enable_instance_id_segmentation_rendering ...
[Camera] Attached instance_id_segmentation annotator to /World/robot/chassis/Sensors/Camera/left/camera_left
[Camera] Attached instance_id_segmentation annotator to /World/robot/chassis/Sensors/Camera/right/camera_right
[Camera] Attached instance_id_segmentation annotator to /World/robot/chassis/Sensors/FisheyeCamera
[Camera] Attached instance_id_segmentation annotator to /World/robot/chassis/Sensors/FisheyeCamera
[SETUP] enable_instance_id_segmentation_rendering done (0.3s)
[SETUP] enable_lidar_rendering ...
[SETUP] enable_lidar_rendering done (0.0s)
[SETUP] Warming up renderer (5x simulation_app.update) ...
[SETUP]   warmup frame 1/5 (0.7s)
[SETUP]   warmup frame 2/5 (0.8s)
[SETUP]   warmup frame 3/5 (0.9s)
[SETUP]   warmup frame 4/5 (0.9s)
[SETUP]   warmup frame 5/5 (1.0s)
[SETUP] Warmup done (1.0s)
[SETUP] world.step done – physics handles ready
[DEBUG] Reader created, num_steps=1302
[Writer] Initialized writer at /home/florybal/MobilityGenData/replays/2026-03-12T00:56:46.693314
[DEBUG] Writer created at /home/florybal/MobilityGenData/replays/2026-03-12T00:56:46.693314
[DEBUG] writer.copy_init starting
[DEBUG] writer.copy_init done
============== Replaying ==============
	Input path: /home/florybal/MobilityGenData/recordings/2026-03-12T00:56:46.693314
	Output path: /home/florybal/MobilityGenData/replays/2026-03-12T00:56:46.693314
	Rgb enabled: True
	Segmentation enabled: True
	Rendering RT subframes: 1
	Render interval: 30
